-------------------------------------------------------------------------------
Test set: edu.itmd4515.abardwell.DressTest
-------------------------------------------------------------------------------
Tests run: 4, Failures: 0, Errors: 4, Skipped: 0, Time elapsed: 1.993 s <<< FAILURE! - in edu.itmd4515.abardwell.DressTest
deleteDressTest  Time elapsed: 0.101 s  <<< ERROR!
javax.persistence.RollbackException: 
Exception [EclipseLink-4002] (Eclipse Persistence Services - 2.7.9.v20210604-2c549e2208): org.eclipse.persistence.exceptions.DatabaseException
Internal Exception: java.sql.SQLSyntaxErrorException: INSERT command denied to user 'itmd4515'@'localhost' for table 'dress'
Error Code: 1142
Call: INSERT INTO dress (BIRTHDATE, Dress_name, TYPE) VALUES (?, ?, ?)
	bind => [3 parameters bound]
Query: InsertObjectQuery(Dress{id=null, name='TESTCASE', birthDate=2022-06-13, age=null, type=Bouffont})
	at edu.itmd4515.abardwell.DressTest.beforeEach(DressTest.java:43)
Caused by: org.eclipse.persistence.exceptions.DatabaseException: 

Internal Exception: java.sql.SQLSyntaxErrorException: INSERT command denied to user 'itmd4515'@'localhost' for table 'dress'
Error Code: 1142
Call: INSERT INTO dress (BIRTHDATE, Dress_name, TYPE) VALUES (?, ?, ?)
	bind => [3 parameters bound]
Query: InsertObjectQuery(Dress{id=null, name='TESTCASE', birthDate=2022-06-13, age=null, type=Bouffont})
	at edu.itmd4515.abardwell.DressTest.beforeEach(DressTest.java:43)
Caused by: java.sql.SQLSyntaxErrorException: INSERT command denied to user 'itmd4515'@'localhost' for table 'dress'
	at edu.itmd4515.abardwell.DressTest.beforeEach(DressTest.java:43)

updateDressTest  Time elapsed: 0.01 s  <<< ERROR!
javax.persistence.RollbackException: 
Exception [EclipseLink-4002] (Eclipse Persistence Services - 2.7.9.v20210604-2c549e2208): org.eclipse.persistence.exceptions.DatabaseException
Internal Exception: java.sql.SQLSyntaxErrorException: INSERT command denied to user 'itmd4515'@'localhost' for table 'dress'
Error Code: 1142
Call: INSERT INTO dress (BIRTHDATE, Dress_name, TYPE) VALUES (?, ?, ?)
	bind => [3 parameters bound]
Query: InsertObjectQuery(Dress{id=null, name='TESTCASE', birthDate=2022-06-13, age=null, type=Bouffont})
	at edu.itmd4515.abardwell.DressTest.beforeEach(DressTest.java:43)
Caused by: org.eclipse.persistence.exceptions.DatabaseException: 

Internal Exception: java.sql.SQLSyntaxErrorException: INSERT command denied to user 'itmd4515'@'localhost' for table 'dress'
Error Code: 1142
Call: INSERT INTO dress (BIRTHDATE, Dress_name, TYPE) VALUES (?, ?, ?)
	bind => [3 parameters bound]
Query: InsertObjectQuery(Dress{id=null, name='TESTCASE', birthDate=2022-06-13, age=null, type=Bouffont})
	at edu.itmd4515.abardwell.DressTest.beforeEach(DressTest.java:43)
Caused by: java.sql.SQLSyntaxErrorException: INSERT command denied to user 'itmd4515'@'localhost' for table 'dress'
	at edu.itmd4515.abardwell.DressTest.beforeEach(DressTest.java:43)

CreateDressTest  Time elapsed: 0.009 s  <<< ERROR!
javax.persistence.RollbackException: 
Exception [EclipseLink-4002] (Eclipse Persistence Services - 2.7.9.v20210604-2c549e2208): org.eclipse.persistence.exceptions.DatabaseException
Internal Exception: java.sql.SQLSyntaxErrorException: INSERT command denied to user 'itmd4515'@'localhost' for table 'dress'
Error Code: 1142
Call: INSERT INTO dress (BIRTHDATE, Dress_name, TYPE) VALUES (?, ?, ?)
	bind => [3 parameters bound]
Query: InsertObjectQuery(Dress{id=null, name='TESTCASE', birthDate=2022-06-13, age=null, type=Bouffont})
	at edu.itmd4515.abardwell.DressTest.beforeEach(DressTest.java:43)
Caused by: org.eclipse.persistence.exceptions.DatabaseException: 

Internal Exception: java.sql.SQLSyntaxErrorException: INSERT command denied to user 'itmd4515'@'localhost' for table 'dress'
Error Code: 1142
Call: INSERT INTO dress (BIRTHDATE, Dress_name, TYPE) VALUES (?, ?, ?)
	bind => [3 parameters bound]
Query: InsertObjectQuery(Dress{id=null, name='TESTCASE', birthDate=2022-06-13, age=null, type=Bouffont})
	at edu.itmd4515.abardwell.DressTest.beforeEach(DressTest.java:43)
Caused by: java.sql.SQLSyntaxErrorException: INSERT command denied to user 'itmd4515'@'localhost' for table 'dress'
	at edu.itmd4515.abardwell.DressTest.beforeEach(DressTest.java:43)

readDressTest  Time elapsed: 0.012 s  <<< ERROR!
javax.persistence.RollbackException: 
Exception [EclipseLink-4002] (Eclipse Persistence Services - 2.7.9.v20210604-2c549e2208): org.eclipse.persistence.exceptions.DatabaseException
Internal Exception: java.sql.SQLSyntaxErrorException: INSERT command denied to user 'itmd4515'@'localhost' for table 'dress'
Error Code: 1142
Call: INSERT INTO dress (BIRTHDATE, Dress_name, TYPE) VALUES (?, ?, ?)
	bind => [3 parameters bound]
Query: InsertObjectQuery(Dress{id=null, name='TESTCASE', birthDate=2022-06-13, age=null, type=Bouffont})
	at edu.itmd4515.abardwell.DressTest.beforeEach(DressTest.java:43)
Caused by: org.eclipse.persistence.exceptions.DatabaseException: 

Internal Exception: java.sql.SQLSyntaxErrorException: INSERT command denied to user 'itmd4515'@'localhost' for table 'dress'
Error Code: 1142
Call: INSERT INTO dress (BIRTHDATE, Dress_name, TYPE) VALUES (?, ?, ?)
	bind => [3 parameters bound]
Query: InsertObjectQuery(Dress{id=null, name='TESTCASE', birthDate=2022-06-13, age=null, type=Bouffont})
	at edu.itmd4515.abardwell.DressTest.beforeEach(DressTest.java:43)
Caused by: java.sql.SQLSyntaxErrorException: INSERT command denied to user 'itmd4515'@'localhost' for table 'dress'
	at edu.itmd4515.abardwell.DressTest.beforeEach(DressTest.java:43)

