-------------------------------------------------------------------------------
Test set: edu.itmd4515.abardwell.DressTest
-------------------------------------------------------------------------------
Tests run: 5, Failures: 1, Errors: 0, Skipped: 0, Time elapsed: 2.728 s <<< FAILURE! - in edu.itmd4515.abardwell.DressTest
testManytoManyBiDirectionalOwnerDressRelationship  Time elapsed: 0.233 s  <<< FAILURE!
org.opentest4j.AssertionFailedError: expected: <true> but was: <false>
	at edu.itmd4515.abardwell.DressTest.testManytoManyBiDirectionalOwnerDressRelationship(DressTest.java:136)

