<?xml version="1.0" encoding="UTF-8"?>
<testsuite xmlns:xsi="http://www.w3.org/2001/XMLSchema-instance" xsi:noNamespaceSchemaLocation="https://maven.apache.org/surefire/maven-surefire-plugin/xsd/surefire-test-report.xsd" name="edu.itmd4515.abardwell.DressTest" time="2.728" tests="5" errors="0" skipped="0" failures="1">
  <properties>
[...]
</properties>
  <testcase name="testManytoManyBiDirectionalOwnerDressRelationship" classname="edu.itmd4515.abardwell.DressTest" time="0.233">
    <failure message="expected: &lt;true&gt; but was: &lt;false&gt;" type="org.opentest4j.AssertionFailedError"><![CDATA[org.opentest4j.AssertionFailedError: expected: <true> but was: <false>
	at edu.itmd4515.abardwell.DressTest.testManytoManyBiDirectionalOwnerDressRelationship(DressTest.java:136)
]]></failure>
    <system-out><![CDATA[[EL Info]: 2022-09-16 20:05:36.792--ServerSession(938613108)--EclipseLink, version: Eclipse Persistence Services - 2.7.9.v20210604-2c549e2208
From the owning side: []
From the non-oqning side: []
]]></system-out>
    <system-err><![CDATA[Sep 16, 2022 8:05:38 PM edu.itmd4515.abardwell.DressTest beforeEach
INFO: Dress{id=1, name='TESTCASE', birthDate=1990-12-20, age=null, type=Slip}
Sep 16, 2022 8:05:38 PM edu.itmd4515.abardwell.DressTest testManytoManyBiDirectionalOwnerDressRelationship
INFO: testManyToManyBiDirectionalOwnerPetRelationship ============================================>
Sep 16, 2022 8:05:38 PM edu.itmd4515.abardwell.DressTest afterEach
INFO: Dress{id=1, name='TESTCASE', birthDate=1990-12-20, age=null, type=Slip}
]]></system-err>
  </testcase>
  <testcase name="deleteDressTest" classname="edu.itmd4515.abardwell.DressTest" time="0.027"/>
  <testcase name="updateDressTest" classname="edu.itmd4515.abardwell.DressTest" time="0.087"/>
  <testcase name="CreateDressTest" classname="edu.itmd4515.abardwell.DressTest" time="0.108"/>
  <testcase name="readDressTest" classname="edu.itmd4515.abardwell.DressTest" time="0.085"/>
</testsuite>