<?xml version="1.0" encoding="UTF-8"?>
<testsuite xmlns:xsi="http://www.w3.org/2001/XMLSchema-instance" xsi:noNamespaceSchemaLocation="https://maven.apache.org/surefire/maven-surefire-plugin/xsd/surefire-test-report.xsd" name="edu.itmd4515.abardwell.DressTest" time="1.993" tests="4" errors="4" skipped="0" failures="0">
  <properties>
[...]
</properties>
  <testcase name="deleteDressTest" classname="edu.itmd4515.abardwell.DressTest" time="0.101">
    <error message="Exception [EclipseLink-4002] (Eclipse Persistence Services - 2.7.9.v20210604-2c549e2208): org.eclipse.persistence.exceptions.DatabaseException&#10;Internal Exception: java.sql.SQLSyntaxErrorException: INSERT command denied to user &apos;itmd4515&apos;@&apos;localhost&apos; for table &apos;dress&apos;&#10;Error Code: 1142&#10;Call: INSERT INTO dress (BIRTHDATE, Dress_name, TYPE) VALUES (?, ?, ?)&#10;	bind =&gt; [3 parameters bound]&#10;Query: InsertObjectQuery(Dress{id=null, name=&apos;TESTCASE&apos;, birthDate=2022-06-13, age=null, type=Bouffont})" type="javax.persistence.RollbackException">javax.persistence.RollbackException: 
Exception [EclipseLink-4002] (Eclipse Persistence Services - 2.7.9.v20210604-2c549e2208): org.eclipse.persistence.exceptions.DatabaseException
Internal Exception: java.sql.SQLSyntaxErrorException: INSERT command denied to user 'itmd4515'@'localhost' for table 'dress'
Error Code: 1142
Call: INSERT INTO dress (BIRTHDATE, Dress_name, TYPE) VALUES (?, ?, ?)
	bind => [3 parameters bound]
Query: InsertObjectQuery(Dress{id=null, name='TESTCASE', birthDate=2022-06-13, age=null, type=Bouffont})
	at edu.itmd4515.abardwell.DressTest.beforeEach(DressTest.java:43)
Caused by: org.eclipse.persistence.exceptions.DatabaseException: 

Internal Exception: java.sql.SQLSyntaxErrorException: INSERT command denied to user 'itmd4515'@'localhost' for table 'dress'
Error Code: 1142
Call: INSERT INTO dress (BIRTHDATE, Dress_name, TYPE) VALUES (?, ?, ?)
	bind => [3 parameters bound]
Query: InsertObjectQuery(Dress{id=null, name='TESTCASE', birthDate=2022-06-13, age=null, type=Bouffont})
	at edu.itmd4515.abardwell.DressTest.beforeEach(DressTest.java:43)
Caused by: java.sql.SQLSyntaxErrorException: INSERT command denied to user 'itmd4515'@'localhost' for table 'dress'
	at edu.itmd4515.abardwell.DressTest.beforeEach(DressTest.java:43)
</error>
    <system-out><![CDATA[[EL Info]: 2022-09-16 14:01:32.706--ServerSession(124494140)--EclipseLink, version: Eclipse Persistence Services - 2.7.9.v20210604-2c549e2208
[EL Warning]: 2022-09-16 14:01:33.81--UnitOfWork(305651902)--Exception [EclipseLink-4002] (Eclipse Persistence Services - 2.7.9.v20210604-2c549e2208): org.eclipse.persistence.exceptions.DatabaseException
Internal Exception: java.sql.SQLSyntaxErrorException: INSERT command denied to user 'itmd4515'@'localhost' for table 'dress'
Error Code: 1142
Call: INSERT INTO dress (BIRTHDATE, Dress_name, TYPE) VALUES (?, ?, ?)
	bind => [3 parameters bound]
Query: InsertObjectQuery(Dress{id=null, name='TESTCASE', birthDate=2022-06-13, age=null, type=Bouffont})
]]></system-out>
  </testcase>
  <testcase name="updateDressTest" classname="edu.itmd4515.abardwell.DressTest" time="0.01">
    <error message="Exception [EclipseLink-4002] (Eclipse Persistence Services - 2.7.9.v20210604-2c549e2208): org.eclipse.persistence.exceptions.DatabaseException&#10;Internal Exception: java.sql.SQLSyntaxErrorException: INSERT command denied to user &apos;itmd4515&apos;@&apos;localhost&apos; for table &apos;dress&apos;&#10;Error Code: 1142&#10;Call: INSERT INTO dress (BIRTHDATE, Dress_name, TYPE) VALUES (?, ?, ?)&#10;	bind =&gt; [3 parameters bound]&#10;Query: InsertObjectQuery(Dress{id=null, name=&apos;TESTCASE&apos;, birthDate=2022-06-13, age=null, type=Bouffont})" type="javax.persistence.RollbackException">javax.persistence.RollbackException: 
Exception [EclipseLink-4002] (Eclipse Persistence Services - 2.7.9.v20210604-2c549e2208): org.eclipse.persistence.exceptions.DatabaseException
Internal Exception: java.sql.SQLSyntaxErrorException: INSERT command denied to user 'itmd4515'@'localhost' for table 'dress'
Error Code: 1142
Call: INSERT INTO dress (BIRTHDATE, Dress_name, TYPE) VALUES (?, ?, ?)
	bind => [3 parameters bound]
Query: InsertObjectQuery(Dress{id=null, name='TESTCASE', birthDate=2022-06-13, age=null, type=Bouffont})
	at edu.itmd4515.abardwell.DressTest.beforeEach(DressTest.java:43)
Caused by: org.eclipse.persistence.exceptions.DatabaseException: 

Internal Exception: java.sql.SQLSyntaxErrorException: INSERT command denied to user 'itmd4515'@'localhost' for table 'dress'
Error Code: 1142
Call: INSERT INTO dress (BIRTHDATE, Dress_name, TYPE) VALUES (?, ?, ?)
	bind => [3 parameters bound]
Query: InsertObjectQuery(Dress{id=null, name='TESTCASE', birthDate=2022-06-13, age=null, type=Bouffont})
	at edu.itmd4515.abardwell.DressTest.beforeEach(DressTest.java:43)
Caused by: java.sql.SQLSyntaxErrorException: INSERT command denied to user 'itmd4515'@'localhost' for table 'dress'
	at edu.itmd4515.abardwell.DressTest.beforeEach(DressTest.java:43)
</error>
    <system-out><![CDATA[[EL Warning]: 2022-09-16 14:01:33.867--UnitOfWork(2097989776)--Exception [EclipseLink-4002] (Eclipse Persistence Services - 2.7.9.v20210604-2c549e2208): org.eclipse.persistence.exceptions.DatabaseException
Internal Exception: java.sql.SQLSyntaxErrorException: INSERT command denied to user 'itmd4515'@'localhost' for table 'dress'
Error Code: 1142
Call: INSERT INTO dress (BIRTHDATE, Dress_name, TYPE) VALUES (?, ?, ?)
	bind => [3 parameters bound]
Query: InsertObjectQuery(Dress{id=null, name='TESTCASE', birthDate=2022-06-13, age=null, type=Bouffont})
]]></system-out>
  </testcase>
  <testcase name="CreateDressTest" classname="edu.itmd4515.abardwell.DressTest" time="0.009">
    <error message="Exception [EclipseLink-4002] (Eclipse Persistence Services - 2.7.9.v20210604-2c549e2208): org.eclipse.persistence.exceptions.DatabaseException&#10;Internal Exception: java.sql.SQLSyntaxErrorException: INSERT command denied to user &apos;itmd4515&apos;@&apos;localhost&apos; for table &apos;dress&apos;&#10;Error Code: 1142&#10;Call: INSERT INTO dress (BIRTHDATE, Dress_name, TYPE) VALUES (?, ?, ?)&#10;	bind =&gt; [3 parameters bound]&#10;Query: InsertObjectQuery(Dress{id=null, name=&apos;TESTCASE&apos;, birthDate=2022-06-13, age=null, type=Bouffont})" type="javax.persistence.RollbackException">javax.persistence.RollbackException: 
Exception [EclipseLink-4002] (Eclipse Persistence Services - 2.7.9.v20210604-2c549e2208): org.eclipse.persistence.exceptions.DatabaseException
Internal Exception: java.sql.SQLSyntaxErrorException: INSERT command denied to user 'itmd4515'@'localhost' for table 'dress'
Error Code: 1142
Call: INSERT INTO dress (BIRTHDATE, Dress_name, TYPE) VALUES (?, ?, ?)
	bind => [3 parameters bound]
Query: InsertObjectQuery(Dress{id=null, name='TESTCASE', birthDate=2022-06-13, age=null, type=Bouffont})
	at edu.itmd4515.abardwell.DressTest.beforeEach(DressTest.java:43)
Caused by: org.eclipse.persistence.exceptions.DatabaseException: 

Internal Exception: java.sql.SQLSyntaxErrorException: INSERT command denied to user 'itmd4515'@'localhost' for table 'dress'
Error Code: 1142
Call: INSERT INTO dress (BIRTHDATE, Dress_name, TYPE) VALUES (?, ?, ?)
	bind => [3 parameters bound]
Query: InsertObjectQuery(Dress{id=null, name='TESTCASE', birthDate=2022-06-13, age=null, type=Bouffont})
	at edu.itmd4515.abardwell.DressTest.beforeEach(DressTest.java:43)
Caused by: java.sql.SQLSyntaxErrorException: INSERT command denied to user 'itmd4515'@'localhost' for table 'dress'
	at edu.itmd4515.abardwell.DressTest.beforeEach(DressTest.java:43)
</error>
    <system-out><![CDATA[[EL Warning]: 2022-09-16 14:01:33.878--UnitOfWork(1732513254)--Exception [EclipseLink-4002] (Eclipse Persistence Services - 2.7.9.v20210604-2c549e2208): org.eclipse.persistence.exceptions.DatabaseException
Internal Exception: java.sql.SQLSyntaxErrorException: INSERT command denied to user 'itmd4515'@'localhost' for table 'dress'
Error Code: 1142
Call: INSERT INTO dress (BIRTHDATE, Dress_name, TYPE) VALUES (?, ?, ?)
	bind => [3 parameters bound]
Query: InsertObjectQuery(Dress{id=null, name='TESTCASE', birthDate=2022-06-13, age=null, type=Bouffont})
]]></system-out>
  </testcase>
  <testcase name="readDressTest" classname="edu.itmd4515.abardwell.DressTest" time="0.012">
    <error message="Exception [EclipseLink-4002] (Eclipse Persistence Services - 2.7.9.v20210604-2c549e2208): org.eclipse.persistence.exceptions.DatabaseException&#10;Internal Exception: java.sql.SQLSyntaxErrorException: INSERT command denied to user &apos;itmd4515&apos;@&apos;localhost&apos; for table &apos;dress&apos;&#10;Error Code: 1142&#10;Call: INSERT INTO dress (BIRTHDATE, Dress_name, TYPE) VALUES (?, ?, ?)&#10;	bind =&gt; [3 parameters bound]&#10;Query: InsertObjectQuery(Dress{id=null, name=&apos;TESTCASE&apos;, birthDate=2022-06-13, age=null, type=Bouffont})" type="javax.persistence.RollbackException">javax.persistence.RollbackException: 
Exception [EclipseLink-4002] (Eclipse Persistence Services - 2.7.9.v20210604-2c549e2208): org.eclipse.persistence.exceptions.DatabaseException
Internal Exception: java.sql.SQLSyntaxErrorException: INSERT command denied to user 'itmd4515'@'localhost' for table 'dress'
Error Code: 1142
Call: INSERT INTO dress (BIRTHDATE, Dress_name, TYPE) VALUES (?, ?, ?)
	bind => [3 parameters bound]
Query: InsertObjectQuery(Dress{id=null, name='TESTCASE', birthDate=2022-06-13, age=null, type=Bouffont})
	at edu.itmd4515.abardwell.DressTest.beforeEach(DressTest.java:43)
Caused by: org.eclipse.persistence.exceptions.DatabaseException: 

Internal Exception: java.sql.SQLSyntaxErrorException: INSERT command denied to user 'itmd4515'@'localhost' for table 'dress'
Error Code: 1142
Call: INSERT INTO dress (BIRTHDATE, Dress_name, TYPE) VALUES (?, ?, ?)
	bind => [3 parameters bound]
Query: InsertObjectQuery(Dress{id=null, name='TESTCASE', birthDate=2022-06-13, age=null, type=Bouffont})
	at edu.itmd4515.abardwell.DressTest.beforeEach(DressTest.java:43)
Caused by: java.sql.SQLSyntaxErrorException: INSERT command denied to user 'itmd4515'@'localhost' for table 'dress'
	at edu.itmd4515.abardwell.DressTest.beforeEach(DressTest.java:43)
</error>
    <system-out><![CDATA[[EL Warning]: 2022-09-16 14:01:33.889--UnitOfWork(181372317)--Exception [EclipseLink-4002] (Eclipse Persistence Services - 2.7.9.v20210604-2c549e2208): org.eclipse.persistence.exceptions.DatabaseException
Internal Exception: java.sql.SQLSyntaxErrorException: INSERT command denied to user 'itmd4515'@'localhost' for table 'dress'
Error Code: 1142
Call: INSERT INTO dress (BIRTHDATE, Dress_name, TYPE) VALUES (?, ?, ?)
	bind => [3 parameters bound]
Query: InsertObjectQuery(Dress{id=null, name='TESTCASE', birthDate=2022-06-13, age=null, type=Bouffont})
]]></system-out>
  </testcase>
</testsuite>